time="2024-03-20T08:39:42Z" level=debug msg="OpenShift Installer 4.14.15"
time="2024-03-20T08:39:42Z" level=debug msg="Built from commit 6ee6900a509dfb4a3fd568f741e163655bd3f45c"
time="2024-03-20T08:39:42Z" level=debug msg="Fetching Kubeconfig Admin Client..."
time="2024-03-20T08:39:42Z" level=debug msg="Loading Kubeconfig Admin Client..."
time="2024-03-20T08:39:42Z" level=debug msg="  Loading Certificate (admin-kubeconfig-client)..."
time="2024-03-20T08:39:42Z" level=debug msg="    Loading Certificate (admin-kubeconfig-signer)..."
time="2024-03-20T08:39:42Z" level=debug msg="  Loading Certificate (kube-apiserver-complete-server-ca-bundle)..."
time="2024-03-20T08:39:42Z" level=debug msg="    Loading Certificate (kube-apiserver-localhost-ca-bundle)..."
time="2024-03-20T08:39:42Z" level=debug msg="      Loading Certificate (kube-apiserver-localhost-signer)..."
time="2024-03-20T08:39:42Z" level=debug msg="    Loading Certificate (kube-apiserver-service-network-ca-bundle)..."
time="2024-03-20T08:39:42Z" level=debug msg="      Loading Certificate (kube-apiserver-service-network-signer)..."
time="2024-03-20T08:39:42Z" level=debug msg="    Loading Certificate (kube-apiserver-lb-ca-bundle)..."
time="2024-03-20T08:39:42Z" level=debug msg="      Loading Certificate (kube-apiserver-lb-signer)..."
time="2024-03-20T08:39:42Z" level=debug msg="  Loading Install Config..."
time="2024-03-20T08:39:42Z" level=debug msg="    Loading SSH Key..."
time="2024-03-20T08:39:42Z" level=debug msg="    Loading Base Domain..."
time="2024-03-20T08:39:42Z" level=debug msg="      Loading Platform..."
time="2024-03-20T08:39:42Z" level=debug msg="    Loading Cluster Name..."
time="2024-03-20T08:39:42Z" level=debug msg="      Loading Base Domain..."
time="2024-03-20T08:39:42Z" level=debug msg="      Loading Platform..."
time="2024-03-20T08:39:42Z" level=debug msg="    Loading Networking..."
time="2024-03-20T08:39:42Z" level=debug msg="      Loading Platform..."
time="2024-03-20T08:39:42Z" level=debug msg="    Loading Pull Secret..."
time="2024-03-20T08:39:42Z" level=debug msg="    Loading Platform..."
time="2024-03-20T08:39:42Z" level=warning msg="target cluster is in FIPS mode, operation requires a FIPS enabled client"
time="2024-03-20T08:39:42Z" level=warning msg="imageContentSources is deprecated, please use ImageDigestSource"
time="2024-03-20T08:39:42Z" level=debug msg="  Using Install Config loaded from target directory"
time="2024-03-20T08:39:42Z" level=debug msg="  Fetching Certificate (admin-kubeconfig-client)..."
time="2024-03-20T08:39:42Z" level=debug msg="    Fetching Certificate (admin-kubeconfig-signer)..."
time="2024-03-20T08:39:42Z" level=debug msg="    Generating Certificate (admin-kubeconfig-signer)..."
time="2024-03-20T08:39:42Z" level=debug msg="  Generating Certificate (admin-kubeconfig-client)..."
time="2024-03-20T08:39:42Z" level=debug msg="  Fetching Certificate (kube-apiserver-complete-server-ca-bundle)..."
time="2024-03-20T08:39:42Z" level=debug msg="    Fetching Certificate (kube-apiserver-localhost-ca-bundle)..."
time="2024-03-20T08:39:42Z" level=debug msg="      Fetching Certificate (kube-apiserver-localhost-signer)..."
time="2024-03-20T08:39:42Z" level=debug msg="      Generating Certificate (kube-apiserver-localhost-signer)..."
time="2024-03-20T08:39:43Z" level=debug msg="    Generating Certificate (kube-apiserver-localhost-ca-bundle)..."
time="2024-03-20T08:39:43Z" level=debug msg="    Fetching Certificate (kube-apiserver-service-network-ca-bundle)..."
time="2024-03-20T08:39:43Z" level=debug msg="      Fetching Certificate (kube-apiserver-service-network-signer)..."
time="2024-03-20T08:39:43Z" level=debug msg="      Generating Certificate (kube-apiserver-service-network-signer)..."
time="2024-03-20T08:39:43Z" level=debug msg="    Generating Certificate (kube-apiserver-service-network-ca-bundle)..."
time="2024-03-20T08:39:43Z" level=debug msg="    Fetching Certificate (kube-apiserver-lb-ca-bundle)..."
time="2024-03-20T08:39:43Z" level=debug msg="      Fetching Certificate (kube-apiserver-lb-signer)..."
time="2024-03-20T08:39:43Z" level=debug msg="      Generating Certificate (kube-apiserver-lb-signer)..."
time="2024-03-20T08:39:43Z" level=debug msg="    Generating Certificate (kube-apiserver-lb-ca-bundle)..."
time="2024-03-20T08:39:43Z" level=debug msg="  Generating Certificate (kube-apiserver-complete-server-ca-bundle)..."
time="2024-03-20T08:39:43Z" level=debug msg="  Fetching Install Config..."
time="2024-03-20T08:39:43Z" level=debug msg="  Reusing previously-fetched Install Config"
time="2024-03-20T08:39:43Z" level=debug msg="Generating Kubeconfig Admin Client..."
time="2024-03-20T08:39:43Z" level=info msg="Consuming Install Config from target directory"
time="2024-03-20T08:39:43Z" level=debug msg="Purging asset \"Install Config\" from disk"
time="2024-03-20T08:39:43Z" level=debug msg="Fetching Kubeadmin Password..."
time="2024-03-20T08:39:43Z" level=debug msg="Loading Kubeadmin Password..."
time="2024-03-20T08:39:43Z" level=debug msg="Generating Kubeadmin Password..."
time="2024-03-20T08:39:43Z" level=debug msg="Fetching Master Ignition Config..."
time="2024-03-20T08:39:43Z" level=debug msg="Loading Master Ignition Config..."
time="2024-03-20T08:39:43Z" level=debug msg="  Loading Install Config..."
time="2024-03-20T08:39:43Z" level=debug msg="  Loading Machine Config Server Root CA..."
time="2024-03-20T08:39:43Z" level=debug msg="  Fetching Install Config..."
time="2024-03-20T08:39:43Z" level=debug msg="  Reusing previously-fetched Install Config"
time="2024-03-20T08:39:43Z" level=debug msg="  Fetching Machine Config Server Root CA..."
time="2024-03-20T08:39:43Z" level=debug msg="  Generating Machine Config Server Root CA..."
time="2024-03-20T08:39:43Z" level=debug msg="Generating Master Ignition Config..."
time="2024-03-20T08:39:43Z" level=debug msg="Fetching Worker Ignition Config..."
time="2024-03-20T08:39:43Z" level=debug msg="Loading Worker Ignition Config..."
time="2024-03-20T08:39:43Z" level=debug msg="  Loading Install Config..."
time="2024-03-20T08:39:43Z" level=debug msg="  Loading Machine Config Server Root CA..."
time="2024-03-20T08:39:43Z" level=debug msg="  Fetching Install Config..."
time="2024-03-20T08:39:43Z" level=debug msg="  Reusing previously-fetched Install Config"
time="2024-03-20T08:39:43Z" level=debug msg="  Fetching Machine Config Server Root CA..."
time="2024-03-20T08:39:43Z" level=debug msg="  Reusing previously-fetched Machine Config Server Root CA"
time="2024-03-20T08:39:43Z" level=debug msg="Generating Worker Ignition Config..."
time="2024-03-20T08:39:43Z" level=debug msg="Fetching Bootstrap Ignition Config..."
time="2024-03-20T08:39:43Z" level=debug msg="Loading Bootstrap Ignition Config..."
time="2024-03-20T08:39:43Z" level=debug msg="  Loading Ironic bootstrap credentials..."
time="2024-03-20T08:39:43Z" level=debug msg="  Loading CVO Ignore..."
time="2024-03-20T08:39:43Z" level=debug msg="    Loading Common Manifests..."
time="2024-03-20T08:39:43Z" level=debug msg="      Loading Cluster ID..."
time="2024-03-20T08:39:43Z" level=debug msg="        Loading Install Config..."
time="2024-03-20T08:39:43Z" level=debug msg="      Loading Install Config..."
time="2024-03-20T08:39:43Z" level=debug msg="      Loading Ingress Config..."
time="2024-03-20T08:39:43Z" level=debug msg="        Loading Install Config..."
time="2024-03-20T08:39:43Z" level=debug msg="      Loading DNS Config..."
time="2024-03-20T08:39:43Z" level=debug msg="        Loading Install Config..."
time="2024-03-20T08:39:43Z" level=debug msg="        Loading Cluster ID..."
time="2024-03-20T08:39:43Z" level=debug msg="        Loading Platform Credentials Check..."
time="2024-03-20T08:39:43Z" level=debug msg="          Loading Install Config..."
time="2024-03-20T08:39:43Z" level=debug msg="      Loading Infrastructure Config..."
time="2024-03-20T08:39:43Z" level=debug msg="        Loading Cluster ID..."
time="2024-03-20T08:39:43Z" level=debug msg="        Loading Install Config..."
time="2024-03-20T08:39:43Z" level=debug msg="        Loading Cloud Provider Config..."
time="2024-03-20T08:39:43Z" level=debug msg="          Loading Install Config..."
time="2024-03-20T08:39:43Z" level=debug msg="          Loading Cluster ID..."
time="2024-03-20T08:39:43Z" level=debug msg="          Loading Platform Credentials Check..."
time="2024-03-20T08:39:43Z" level=debug msg="        Loading Additional Trust Bundle Config..."
time="2024-03-20T08:39:43Z" level=debug msg="          Loading Install Config..."
time="2024-03-20T08:39:43Z" level=debug msg="      Loading Network Config..."
time="2024-03-20T08:39:43Z" level=debug msg="        Loading Install Config..."
time="2024-03-20T08:39:43Z" level=debug msg="        Loading Network CRDs..."
time="2024-03-20T08:39:43Z" level=debug msg="      Loading Proxy Config..."
time="2024-03-20T08:39:43Z" level=debug msg="        Loading Install Config..."
time="2024-03-20T08:39:43Z" level=debug msg="        Loading Network Config..."
time="2024-03-20T08:39:43Z" level=debug msg="      Loading Scheduler Config..."
time="2024-03-20T08:39:43Z" level=debug msg="        Loading Install Config..."
time="2024-03-20T08:39:43Z" level=debug msg="      Loading Image Content Source Policy..."
time="2024-03-20T08:39:43Z" level=debug msg="        Loading Install Config..."
time="2024-03-20T08:39:43Z" level=debug msg="      Loading Cluster CSI Driver Config..."
time="2024-03-20T08:39:43Z" level=debug msg="        Loading Install Config..."
time="2024-03-20T08:39:43Z" level=debug msg="        Loading Cluster ID..."
time="2024-03-20T08:39:43Z" level=debug msg="      Loading Image Digest Mirror Set..."
time="2024-03-20T08:39:43Z" level=debug msg="        Loading Install Config..."
time="2024-03-20T08:39:43Z" level=debug msg="      Loading Machine Config Server Root CA..."
time="2024-03-20T08:39:43Z" level=debug msg="      Loading Certificate (mcs)..."
time="2024-03-20T08:39:43Z" level=debug msg="        Loading Machine Config Server Root CA..."
time="2024-03-20T08:39:43Z" level=debug msg="        Loading Install Config..."
time="2024-03-20T08:39:43Z" level=debug msg="      Loading CVOOverrides..."
time="2024-03-20T08:39:43Z" level=debug msg="      Loading KubeCloudConfig..."
time="2024-03-20T08:39:43Z" level=debug msg="      Loading KubeSystemConfigmapRootCA..."
time="2024-03-20T08:39:43Z" level=debug msg="      Loading MachineConfigServerTLSSecret..."
time="2024-03-20T08:39:43Z" level=debug msg="      Loading OpenshiftConfigSecretPullSecret..."
time="2024-03-20T08:39:43Z" level=debug msg="    Loading Openshift Manifests..."
time="2024-03-20T08:39:43Z" level=debug msg="      Loading Install Config..."
time="2024-03-20T08:39:43Z" level=debug msg="      Loading Cluster ID..."
time="2024-03-20T08:39:43Z" level=debug msg="      Loading Kubeadmin Password..."
time="2024-03-20T08:39:43Z" level=debug msg="      Loading OpenShift Install (Manifests)..."
time="2024-03-20T08:39:43Z" level=debug msg="      Loading Feature Gate Config..."
time="2024-03-20T08:39:43Z" level=debug msg="        Loading Install Config..."
time="2024-03-20T08:39:43Z" level=debug msg="      Loading CloudCredsSecret..."
time="2024-03-20T08:39:43Z" level=debug msg="      Loading KubeadminPasswordSecret..."
time="2024-03-20T08:39:43Z" level=debug msg="      Loading RoleCloudCredsSecretReader..."
time="2024-03-20T08:39:43Z" level=debug msg="      Loading Baremetal Config CR..."
time="2024-03-20T08:39:43Z" level=debug msg="      Loading Image..."
time="2024-03-20T08:39:43Z" level=debug msg="        Loading Install Config..."
time="2024-03-20T08:39:43Z" level=debug msg="      Loading AzureCloudProviderSecret..."
time="2024-03-20T08:39:43Z" level=debug msg="  Loading Install Config..."
time="2024-03-20T08:39:43Z" level=debug msg="  Loading Kubeconfig Admin Internal Client..."
time="2024-03-20T08:39:43Z" level=debug msg="    Loading Certificate (admin-kubeconfig-client)..."
time="2024-03-20T08:39:43Z" level=debug msg="    Loading Certificate (kube-apiserver-complete-server-ca-bundle)..."
time="2024-03-20T08:39:43Z" level=debug msg="    Loading Install Config..."
time="2024-03-20T08:39:43Z" level=debug msg="  Loading Kubeconfig Kubelet..."
time="2024-03-20T08:39:43Z" level=debug msg="    Loading Certificate (kube-apiserver-complete-server-ca-bundle)..."
time="2024-03-20T08:39:43Z" level=debug msg="    Loading Certificate (kubelet-client)..."
time="2024-03-20T08:39:43Z" level=debug msg="      Loading Certificate (kubelet-bootstrap-kubeconfig-signer)..."
time="2024-03-20T08:39:43Z" level=debug msg="    Loading Install Config..."
time="2024-03-20T08:39:43Z" level=debug msg="  Loading Kubeconfig Admin Client (Loopback)..."
time="2024-03-20T08:39:43Z" level=debug msg="    Loading Certificate (admin-kubeconfig-client)..."
time="2024-03-20T08:39:43Z" level=debug msg="    Loading Certificate (kube-apiserver-localhost-ca-bundle)..."
time="2024-03-20T08:39:43Z" level=debug msg="    Loading Install Config..."
time="2024-03-20T08:39:43Z" level=debug msg="  Loading Master Ignition Customization Check..."
time="2024-03-20T08:39:43Z" level=debug msg="    Loading Install Config..."
time="2024-03-20T08:39:43Z" level=debug msg="    Loading Machine Config Server Root CA..."
time="2024-03-20T08:39:43Z" level=debug msg="    Loading Master Ignition Config..."
time="2024-03-20T08:39:43Z" level=debug msg="  Loading Worker Ignition Customization Check..."
time="2024-03-20T08:39:43Z" level=debug msg="    Loading Install Config..."
time="2024-03-20T08:39:43Z" level=debug msg="    Loading Machine Config Server Root CA..."
time="2024-03-20T08:39:43Z" level=debug msg="    Loading Worker Ignition Config..."
time="2024-03-20T08:39:43Z" level=debug msg="  Loading Master Machines..."
time="2024-03-20T08:39:43Z" level=debug msg="    Loading Cluster ID..."
time="2024-03-20T08:39:43Z" level=debug msg="    Loading Platform Credentials Check..."
time="2024-03-20T08:39:43Z" level=debug msg="    Loading Install Config..."
time="2024-03-20T08:39:43Z" level=debug msg="    Loading Image..."
time="2024-03-20T08:39:43Z" level=debug msg="    Loading Master Ignition Config..."
time="2024-03-20T08:39:43Z" level=debug msg="  Loading Worker Machines..."
time="2024-03-20T08:39:43Z" level=debug msg="    Loading Cluster ID..."
time="2024-03-20T08:39:43Z" level=debug msg="    Loading Platform Credentials Check..."
time="2024-03-20T08:39:43Z" level=debug msg="    Loading Install Config..."
time="2024-03-20T08:39:43Z" level=debug msg="    Loading Image..."
time="2024-03-20T08:39:43Z" level=debug msg="    Loading Release..."
time="2024-03-20T08:39:43Z" level=debug msg="      Loading Install Config..."
time="2024-03-20T08:39:43Z" level=debug msg="    Loading Worker Ignition Config..."
time="2024-03-20T08:39:43Z" level=debug msg="  Loading Common Manifests..."
time="2024-03-20T08:39:43Z" level=debug msg="  Loading Openshift Manifests..."
time="2024-03-20T08:39:43Z" level=debug msg="  Loading Proxy Config..."
time="2024-03-20T08:39:43Z" level=debug msg="  Loading Certificate (admin-kubeconfig-ca-bundle)..."
time="2024-03-20T08:39:43Z" level=debug msg="    Loading Certificate (admin-kubeconfig-signer)..."
time="2024-03-20T08:39:43Z" level=debug msg="  Loading Certificate (aggregator)..."
time="2024-03-20T08:39:43Z" level=debug msg="  Loading Certificate (aggregator-ca-bundle)..."
time="2024-03-20T08:39:43Z" level=debug msg="    Loading Certificate (aggregator-signer)..."
time="2024-03-20T08:39:43Z" level=debug msg="  Loading Certificate (system:kube-apiserver-proxy)..."
time="2024-03-20T08:39:43Z" level=debug msg="    Loading Certificate (aggregator-signer)..."
time="2024-03-20T08:39:43Z" level=debug msg="  Loading Certificate (aggregator-signer)..."
time="2024-03-20T08:39:43Z" level=debug msg="  Loading Certificate (system:kube-apiserver-proxy)..."
time="2024-03-20T08:39:43Z" level=debug msg="    Loading Certificate (aggregator)..."
time="2024-03-20T08:39:43Z" level=debug msg="  Loading Bootstrap SSH Key Pair..."
time="2024-03-20T08:39:43Z" level=debug msg="  Loading User-provided Service Account Signing key..."
time="2024-03-20T08:39:43Z" level=debug msg="  Loading Cloud Provider CA Bundle..."
time="2024-03-20T08:39:43Z" level=debug msg="    Loading Install Config..."
time="2024-03-20T08:39:43Z" level=debug msg="  Loading Certificate (journal-gatewayd)..."
time="2024-03-20T08:39:43Z" level=debug msg="    Loading Machine Config Server Root CA..."
time="2024-03-20T08:39:43Z" level=debug msg="  Loading Certificate (kube-apiserver-lb-ca-bundle)..."
time="2024-03-20T08:39:43Z" level=debug msg="  Loading Certificate (kube-apiserver-external-lb-server)..."
time="2024-03-20T08:39:43Z" level=debug msg="    Loading Certificate (kube-apiserver-lb-signer)..."
time="2024-03-20T08:39:43Z" level=debug msg="    Loading Install Config..."
time="2024-03-20T08:39:43Z" level=debug msg="  Loading Certificate (kube-apiserver-internal-lb-server)..."
time="2024-03-20T08:39:43Z" level=debug msg="    Loading Certificate (kube-apiserver-lb-signer)..."
time="2024-03-20T08:39:43Z" level=debug msg="    Loading Install Config..."
time="2024-03-20T08:39:43Z" level=debug msg="  Loading Certificate (kube-apiserver-lb-signer)..."
time="2024-03-20T08:39:43Z" level=debug msg="  Loading Certificate (kube-apiserver-localhost-ca-bundle)..."
time="2024-03-20T08:39:43Z" level=debug msg="  Loading Certificate (kube-apiserver-localhost-server)..."
time="2024-03-20T08:39:43Z" level=debug msg="    Loading Certificate (kube-apiserver-localhost-signer)..."
time="2024-03-20T08:39:43Z" level=debug msg="  Loading Certificate (kube-apiserver-localhost-signer)..."
time="2024-03-20T08:39:43Z" level=debug msg="  Loading Certificate (kube-apiserver-service-network-ca-bundle)..."
time="2024-03-20T08:39:43Z" level=debug msg="  Loading Certificate (kube-apiserver-service-network-server)..."
time="2024-03-20T08:39:43Z" level=debug msg="    Loading Certificate (kube-apiserver-service-network-signer)..."
time="2024-03-20T08:39:43Z" level=debug msg="    Loading Install Config..."
time="2024-03-20T08:39:43Z" level=debug msg="  Loading Certificate (kube-apiserver-service-network-signer)..."
time="2024-03-20T08:39:43Z" level=debug msg="  Loading Certificate (kube-apiserver-complete-server-ca-bundle)..."
time="2024-03-20T08:39:43Z" level=debug msg="  Loading Certificate (kube-apiserver-complete-client-ca-bundle)..."
time="2024-03-20T08:39:43Z" level=debug msg="    Loading Certificate (admin-kubeconfig-ca-bundle)..."
time="2024-03-20T08:39:43Z" level=debug msg="    Loading Certificate (kubelet-client-ca-bundle)..."
time="2024-03-20T08:39:43Z" level=debug msg="      Loading Certificate (kubelet-signer)..."
time="2024-03-20T08:39:43Z" level=debug msg="    Loading Certificate (kube-control-plane-ca-bundle)..."
time="2024-03-20T08:39:43Z" level=debug msg="      Loading Certificate (kube-control-plane-signer)..."
time="2024-03-20T08:39:43Z" level=debug msg="      Loading Certificate (kube-apiserver-lb-signer)..."
time="2024-03-20T08:39:43Z" level=debug msg="      Loading Certificate (kube-apiserver-localhost-signer)..."
time="2024-03-20T08:39:43Z" level=debug msg="      Loading Certificate (kube-apiserver-service-network-signer)..."
time="2024-03-20T08:39:43Z" level=debug msg="    Loading Certificate (kube-apiserver-to-kubelet-ca-bundle)..."
time="2024-03-20T08:39:43Z" level=debug msg="      Loading Certificate (kube-apiserver-to-kubelet-signer)..."
time="2024-03-20T08:39:43Z" level=debug msg="    Loading Certificate (kubelet-bootstrap-kubeconfig-ca-bundle)..."
time="2024-03-20T08:39:43Z" level=debug msg="      Loading Certificate (kubelet-bootstrap-kubeconfig-signer)..."
time="2024-03-20T08:39:43Z" level=debug msg="  Loading Certificate (kube-apiserver-to-kubelet-ca-bundle)..."
time="2024-03-20T08:39:43Z" level=debug msg="  Loading Certificate (kube-apiserver-to-kubelet-client)..."
time="2024-03-20T08:39:43Z" level=debug msg="    Loading Certificate (kube-apiserver-to-kubelet-signer)..."
time="2024-03-20T08:39:43Z" level=debug msg="  Loading Certificate (kube-apiserver-to-kubelet-signer)..."
time="2024-03-20T08:39:43Z" level=debug msg="  Loading Certificate (kube-control-plane-ca-bundle)..."
time="2024-03-20T08:39:43Z" level=debug msg="  Loading Certificate (kube-control-plane-kube-controller-manager-client)..."
time="2024-03-20T08:39:43Z" level=debug msg="    Loading Certificate (kube-control-plane-signer)..."
time="2024-03-20T08:39:43Z" level=debug msg="  Loading Certificate (kube-control-plane-kube-scheduler-client)..."
time="2024-03-20T08:39:43Z" level=debug msg="    Loading Certificate (kube-control-plane-signer)..."
time="2024-03-20T08:39:43Z" level=debug msg="  Loading Certificate (kube-control-plane-signer)..."
time="2024-03-20T08:39:43Z" level=debug msg="  Loading Certificate (kubelet-bootstrap-kubeconfig-ca-bundle)..."
time="2024-03-20T08:39:43Z" level=debug msg="  Loading Certificate (kubelet-client-ca-bundle)..."
time="2024-03-20T08:39:43Z" level=debug msg="  Loading Certificate (kubelet-client)..."
time="2024-03-20T08:39:43Z" level=debug msg="  Loading Certificate (kubelet-signer)..."
time="2024-03-20T08:39:43Z" level=debug msg="  Loading Certificate (kubelet-serving-ca-bundle)..."
time="2024-03-20T08:39:43Z" level=debug msg="    Loading Certificate (kubelet-signer)..."
time="2024-03-20T08:39:43Z" level=debug msg="  Loading Certificate (mcs)..."
time="2024-03-20T08:39:43Z" level=debug msg="  Loading Machine Config Server Root CA..."
time="2024-03-20T08:39:43Z" level=debug msg="  Loading Key Pair (service-account.pub)..."
time="2024-03-20T08:39:43Z" level=debug msg="  Loading Release Image Pull Spec..."
time="2024-03-20T08:39:43Z" level=debug msg="  Loading Image..."
time="2024-03-20T08:39:43Z" level=debug msg="  Fetching Ironic bootstrap credentials..."
time="2024-03-20T08:39:43Z" level=debug msg="  Generating Ironic bootstrap credentials..."
time="2024-03-20T08:39:43Z" level=debug msg="  Fetching CVO Ignore..."
time="2024-03-20T08:39:43Z" level=debug msg="    Fetching Common Manifests..."
time="2024-03-20T08:39:43Z" level=debug msg="      Fetching Cluster ID..."
time="2024-03-20T08:39:43Z" level=debug msg="        Fetching Install Config..."
time="2024-03-20T08:39:43Z" level=debug msg="        Reusing previously-fetched Install Config"
time="2024-03-20T08:39:43Z" level=debug msg="      Generating Cluster ID..."
time="2024-03-20T08:39:43Z" level=debug msg="      Fetching Install Config..."
time="2024-03-20T08:39:43Z" level=debug msg="      Reusing previously-fetched Install Config"
time="2024-03-20T08:39:43Z" level=debug msg="      Fetching Ingress Config..."
time="2024-03-20T08:39:43Z" level=debug msg="        Fetching Install Config..."
time="2024-03-20T08:39:43Z" level=debug msg="        Reusing previously-fetched Install Config"
time="2024-03-20T08:39:43Z" level=debug msg="      Generating Ingress Config..."
time="2024-03-20T08:39:43Z" level=debug msg="      Fetching DNS Config..."
time="2024-03-20T08:39:43Z" level=debug msg="        Fetching Install Config..."
time="2024-03-20T08:39:43Z" level=debug msg="        Reusing previously-fetched Install Config"
time="2024-03-20T08:39:43Z" level=debug msg="        Fetching Cluster ID..."
time="2024-03-20T08:39:43Z" level=debug msg="        Reusing previously-fetched Cluster ID"
time="2024-03-20T08:39:43Z" level=debug msg="        Fetching Platform Credentials Check..."
time="2024-03-20T08:39:43Z" level=debug msg="          Fetching Install Config..."
time="2024-03-20T08:39:43Z" level=debug msg="          Reusing previously-fetched Install Config"
time="2024-03-20T08:39:43Z" level=debug msg="        Generating Platform Credentials Check..."
time="2024-03-20T08:39:43Z" level=debug msg="      Generating DNS Config..."
time="2024-03-20T08:39:43Z" level=debug msg="      Fetching Infrastructure Config..."
time="2024-03-20T08:39:43Z" level=debug msg="        Fetching Cluster ID..."
time="2024-03-20T08:39:43Z" level=debug msg="        Reusing previously-fetched Cluster ID"
time="2024-03-20T08:39:43Z" level=debug msg="        Fetching Install Config..."
time="2024-03-20T08:39:43Z" level=debug msg="        Reusing previously-fetched Install Config"
time="2024-03-20T08:39:43Z" level=debug msg="        Fetching Cloud Provider Config..."
time="2024-03-20T08:39:43Z" level=debug msg="          Fetching Install Config..."
time="2024-03-20T08:39:43Z" level=debug msg="          Reusing previously-fetched Install Config"
time="2024-03-20T08:39:43Z" level=debug msg="          Fetching Cluster ID..."
time="2024-03-20T08:39:43Z" level=debug msg="          Reusing previously-fetched Cluster ID"
time="2024-03-20T08:39:43Z" level=debug msg="          Fetching Platform Credentials Check..."
time="2024-03-20T08:39:43Z" level=debug msg="          Reusing previously-fetched Platform Credentials Check"
time="2024-03-20T08:39:43Z" level=debug msg="        Generating Cloud Provider Config..."
time="2024-03-20T08:39:43Z" level=debug msg="        Fetching Additional Trust Bundle Config..."
time="2024-03-20T08:39:43Z" level=debug msg="          Fetching Install Config..."
time="2024-03-20T08:39:43Z" level=debug msg="          Reusing previously-fetched Install Config"
time="2024-03-20T08:39:43Z" level=debug msg="        Generating Additional Trust Bundle Config..."
time="2024-03-20T08:39:43Z" level=debug msg="      Generating Infrastructure Config..."
time="2024-03-20T08:39:43Z" level=debug msg="      Fetching Network Config..."
time="2024-03-20T08:39:43Z" level=debug msg="        Fetching Install Config..."
time="2024-03-20T08:39:43Z" level=debug msg="        Reusing previously-fetched Install Config"
time="2024-03-20T08:39:43Z" level=debug msg="        Fetching Network CRDs..."
time="2024-03-20T08:39:43Z" level=debug msg="        Generating Network CRDs..."
time="2024-03-20T08:39:43Z" level=debug msg="      Generating Network Config..."
time="2024-03-20T08:39:43Z" level=debug msg="      Fetching Proxy Config..."
time="2024-03-20T08:39:43Z" level=debug msg="        Fetching Install Config..."
time="2024-03-20T08:39:43Z" level=debug msg="        Reusing previously-fetched Install Config"
time="2024-03-20T08:39:43Z" level=debug msg="        Fetching Network Config..."
time="2024-03-20T08:39:43Z" level=debug msg="        Reusing previously-fetched Network Config"
time="2024-03-20T08:39:43Z" level=debug msg="      Generating Proxy Config..."
time="2024-03-20T08:39:43Z" level=debug msg="      Fetching Scheduler Config..."
time="2024-03-20T08:39:43Z" level=debug msg="        Fetching Install Config..."
time="2024-03-20T08:39:43Z" level=debug msg="        Reusing previously-fetched Install Config"
time="2024-03-20T08:39:43Z" level=debug msg="      Generating Scheduler Config..."
time="2024-03-20T08:39:43Z" level=warning msg="Making control-plane schedulable by setting MastersSchedulable to true for Scheduler cluster settings"
time="2024-03-20T08:39:43Z" level=debug msg="      Fetching Image Content Source Policy..."
time="2024-03-20T08:39:43Z" level=debug msg="        Fetching Install Config..."
time="2024-03-20T08:39:43Z" level=debug msg="        Reusing previously-fetched Install Config"
time="2024-03-20T08:39:43Z" level=debug msg="      Generating Image Content Source Policy..."
time="2024-03-20T08:39:43Z" level=debug msg="      Fetching Cluster CSI Driver Config..."
time="2024-03-20T08:39:43Z" level=debug msg="        Fetching Install Config..."
time="2024-03-20T08:39:43Z" level=debug msg="        Reusing previously-fetched Install Config"
time="2024-03-20T08:39:43Z" level=debug msg="        Fetching Cluster ID..."
time="2024-03-20T08:39:43Z" level=debug msg="        Reusing previously-fetched Cluster ID"
time="2024-03-20T08:39:43Z" level=debug msg="      Generating Cluster CSI Driver Config..."
time="2024-03-20T08:39:43Z" level=debug msg="      Fetching Image Digest Mirror Set..."
time="2024-03-20T08:39:43Z" level=debug msg="        Fetching Install Config..."
time="2024-03-20T08:39:43Z" level=debug msg="        Reusing previously-fetched Install Config"
time="2024-03-20T08:39:43Z" level=debug msg="      Generating Image Digest Mirror Set..."
time="2024-03-20T08:39:43Z" level=debug msg="      Fetching Machine Config Server Root CA..."
time="2024-03-20T08:39:43Z" level=debug msg="      Reusing previously-fetched Machine Config Server Root CA"
time="2024-03-20T08:39:43Z" level=debug msg="      Fetching Certificate (mcs)..."
time="2024-03-20T08:39:43Z" level=debug msg="        Fetching Machine Config Server Root CA..."
time="2024-03-20T08:39:43Z" level=debug msg="        Reusing previously-fetched Machine Config Server Root CA"
time="2024-03-20T08:39:43Z" level=debug msg="        Fetching Install Config..."
time="2024-03-20T08:39:43Z" level=debug msg="        Reusing previously-fetched Install Config"
time="2024-03-20T08:39:43Z" level=debug msg="      Generating Certificate (mcs)..."
time="2024-03-20T08:39:43Z" level=debug msg="      Fetching CVOOverrides..."
time="2024-03-20T08:39:43Z" level=debug msg="      Generating CVOOverrides..."
time="2024-03-20T08:39:43Z" level=debug msg="      Fetching KubeCloudConfig..."
time="2024-03-20T08:39:43Z" level=debug msg="      Generating KubeCloudConfig..."
time="2024-03-20T08:39:43Z" level=debug msg="      Fetching KubeSystemConfigmapRootCA..."
time="2024-03-20T08:39:43Z" level=debug msg="      Generating KubeSystemConfigmapRootCA..."
time="2024-03-20T08:39:43Z" level=debug msg="      Fetching MachineConfigServerTLSSecret..."
time="2024-03-20T08:39:43Z" level=debug msg="      Generating MachineConfigServerTLSSecret..."
time="2024-03-20T08:39:43Z" level=debug msg="      Fetching OpenshiftConfigSecretPullSecret..."
time="2024-03-20T08:39:43Z" level=debug msg="      Generating OpenshiftConfigSecretPullSecret..."
time="2024-03-20T08:39:43Z" level=debug msg="    Generating Common Manifests..."
time="2024-03-20T08:39:43Z" level=debug msg="    Fetching Openshift Manifests..."
time="2024-03-20T08:39:43Z" level=debug msg="      Fetching Install Config..."
time="2024-03-20T08:39:43Z" level=debug msg="      Reusing previously-fetched Install Config"
time="2024-03-20T08:39:43Z" level=debug msg="      Fetching Cluster ID..."
time="2024-03-20T08:39:43Z" level=debug msg="      Reusing previously-fetched Cluster ID"
time="2024-03-20T08:39:43Z" level=debug msg="      Fetching Kubeadmin Password..."
time="2024-03-20T08:39:43Z" level=debug msg="      Reusing previously-fetched Kubeadmin Password"
time="2024-03-20T08:39:43Z" level=debug msg="      Fetching OpenShift Install (Manifests)..."
time="2024-03-20T08:39:43Z" level=debug msg="      Generating OpenShift Install (Manifests)..."
time="2024-03-20T08:39:43Z" level=debug msg="      Fetching Feature Gate Config..."
time="2024-03-20T08:39:43Z" level=debug msg="        Fetching Install Config..."
time="2024-03-20T08:39:43Z" level=debug msg="        Reusing previously-fetched Install Config"
time="2024-03-20T08:39:43Z" level=debug msg="      Generating Feature Gate Config..."
time="2024-03-20T08:39:43Z" level=debug msg="      Fetching CloudCredsSecret..."
time="2024-03-20T08:39:43Z" level=debug msg="      Generating CloudCredsSecret..."
time="2024-03-20T08:39:43Z" level=debug msg="      Fetching KubeadminPasswordSecret..."
time="2024-03-20T08:39:43Z" level=debug msg="      Generating KubeadminPasswordSecret..."
time="2024-03-20T08:39:43Z" level=debug msg="      Fetching RoleCloudCredsSecretReader..."
time="2024-03-20T08:39:43Z" level=debug msg="      Generating RoleCloudCredsSecretReader..."
time="2024-03-20T08:39:43Z" level=debug msg="      Fetching Baremetal Config CR..."
time="2024-03-20T08:39:43Z" level=debug msg="      Generating Baremetal Config CR..."
time="2024-03-20T08:39:43Z" level=debug msg="      Fetching Image..."
time="2024-03-20T08:39:43Z" level=debug msg="        Fetching Install Config..."
time="2024-03-20T08:39:43Z" level=debug msg="        Reusing previously-fetched Install Config"
time="2024-03-20T08:39:43Z" level=debug msg="      Generating Image..."
time="2024-03-20T08:39:43Z" level=debug msg="      Fetching AzureCloudProviderSecret..."
time="2024-03-20T08:39:43Z" level=debug msg="      Generating AzureCloudProviderSecret..."
time="2024-03-20T08:39:43Z" level=debug msg="    Generating Openshift Manifests..."
time="2024-03-20T08:39:43Z" level=debug msg="  Generating CVO Ignore..."
time="2024-03-20T08:39:43Z" level=debug msg="  Fetching Install Config..."
time="2024-03-20T08:39:43Z" level=debug msg="  Reusing previously-fetched Install Config"
time="2024-03-20T08:39:43Z" level=debug msg="  Fetching Kubeconfig Admin Internal Client..."
time="2024-03-20T08:39:43Z" level=debug msg="    Fetching Certificate (admin-kubeconfig-client)..."
time="2024-03-20T08:39:43Z" level=debug msg="    Reusing previously-fetched Certificate (admin-kubeconfig-client)"
time="2024-03-20T08:39:43Z" level=debug msg="    Fetching Certificate (kube-apiserver-complete-server-ca-bundle)..."
time="2024-03-20T08:39:43Z" level=debug msg="    Reusing previously-fetched Certificate (kube-apiserver-complete-server-ca-bundle)"
time="2024-03-20T08:39:43Z" level=debug msg="    Fetching Install Config..."
time="2024-03-20T08:39:43Z" level=debug msg="    Reusing previously-fetched Install Config"
time="2024-03-20T08:39:43Z" level=debug msg="  Generating Kubeconfig Admin Internal Client..."
time="2024-03-20T08:39:43Z" level=debug msg="  Fetching Kubeconfig Kubelet..."
time="2024-03-20T08:39:43Z" level=debug msg="    Fetching Certificate (kube-apiserver-complete-server-ca-bundle)..."
time="2024-03-20T08:39:43Z" level=debug msg="    Reusing previously-fetched Certificate (kube-apiserver-complete-server-ca-bundle)"
time="2024-03-20T08:39:43Z" level=debug msg="    Fetching Certificate (kubelet-client)..."
time="2024-03-20T08:39:43Z" level=debug msg="      Fetching Certificate (kubelet-bootstrap-kubeconfig-signer)..."
time="2024-03-20T08:39:43Z" level=debug msg="      Generating Certificate (kubelet-bootstrap-kubeconfig-signer)..."
time="2024-03-20T08:39:44Z" level=debug msg="    Generating Certificate (kubelet-client)..."
time="2024-03-20T08:39:44Z" level=debug msg="    Fetching Install Config..."
time="2024-03-20T08:39:44Z" level=debug msg="    Reusing previously-fetched Install Config"
time="2024-03-20T08:39:44Z" level=debug msg="  Generating Kubeconfig Kubelet..."
time="2024-03-20T08:39:44Z" level=debug msg="  Fetching Kubeconfig Admin Client (Loopback)..."
time="2024-03-20T08:39:44Z" level=debug msg="    Fetching Certificate (admin-kubeconfig-client)..."
time="2024-03-20T08:39:44Z" level=debug msg="    Reusing previously-fetched Certificate (admin-kubeconfig-client)"
time="2024-03-20T08:39:44Z" level=debug msg="    Fetching Certificate (kube-apiserver-localhost-ca-bundle)..."
time="2024-03-20T08:39:44Z" level=debug msg="    Reusing previously-fetched Certificate (kube-apiserver-localhost-ca-bundle)"
time="2024-03-20T08:39:44Z" level=debug msg="    Fetching Install Config..."
time="2024-03-20T08:39:44Z" level=debug msg="    Reusing previously-fetched Install Config"
time="2024-03-20T08:39:44Z" level=debug msg="  Generating Kubeconfig Admin Client (Loopback)..."
time="2024-03-20T08:39:44Z" level=debug msg="  Fetching Master Ignition Customization Check..."
time="2024-03-20T08:39:44Z" level=debug msg="    Fetching Install Config..."
time="2024-03-20T08:39:44Z" level=debug msg="    Reusing previously-fetched Install Config"
time="2024-03-20T08:39:44Z" level=debug msg="    Fetching Machine Config Server Root CA..."
time="2024-03-20T08:39:44Z" level=debug msg="    Reusing previously-fetched Machine Config Server Root CA"
time="2024-03-20T08:39:44Z" level=debug msg="    Fetching Master Ignition Config..."
time="2024-03-20T08:39:44Z" level=debug msg="    Reusing previously-fetched Master Ignition Config"
time="2024-03-20T08:39:44Z" level=debug msg="  Generating Master Ignition Customization Check..."
time="2024-03-20T08:39:44Z" level=debug msg="  Fetching Worker Ignition Customization Check..."
time="2024-03-20T08:39:44Z" level=debug msg="    Fetching Install Config..."
time="2024-03-20T08:39:44Z" level=debug msg="    Reusing previously-fetched Install Config"
time="2024-03-20T08:39:44Z" level=debug msg="    Fetching Machine Config Server Root CA..."
time="2024-03-20T08:39:44Z" level=debug msg="    Reusing previously-fetched Machine Config Server Root CA"
time="2024-03-20T08:39:44Z" level=debug msg="    Fetching Worker Ignition Config..."
time="2024-03-20T08:39:44Z" level=debug msg="    Reusing previously-fetched Worker Ignition Config"
time="2024-03-20T08:39:44Z" level=debug msg="  Generating Worker Ignition Customization Check..."
time="2024-03-20T08:39:44Z" level=debug msg="  Fetching Master Machines..."
time="2024-03-20T08:39:44Z" level=debug msg="    Fetching Cluster ID..."
time="2024-03-20T08:39:44Z" level=debug msg="    Reusing previously-fetched Cluster ID"
time="2024-03-20T08:39:44Z" level=debug msg="    Fetching Platform Credentials Check..."
time="2024-03-20T08:39:44Z" level=debug msg="    Reusing previously-fetched Platform Credentials Check"
time="2024-03-20T08:39:44Z" level=debug msg="    Fetching Install Config..."
time="2024-03-20T08:39:44Z" level=debug msg="    Reusing previously-fetched Install Config"
time="2024-03-20T08:39:44Z" level=debug msg="    Fetching Image..."
time="2024-03-20T08:39:44Z" level=debug msg="    Reusing previously-fetched Image"
time="2024-03-20T08:39:44Z" level=debug msg="    Fetching Master Ignition Config..."
time="2024-03-20T08:39:44Z" level=debug msg="    Reusing previously-fetched Master Ignition Config"
time="2024-03-20T08:39:44Z" level=debug msg="  Generating Master Machines..."
time="2024-03-20T08:39:44Z" level=debug msg="Creating master machine 0"
time="2024-03-20T08:39:44Z" level=debug msg="Desired zone: generated-failure-domain"
time="2024-03-20T08:39:44Z" level=debug msg="Creating master machine 1"
time="2024-03-20T08:39:44Z" level=debug msg="Desired zone: generated-failure-domain"
time="2024-03-20T08:39:44Z" level=debug msg="Creating master machine 2"
time="2024-03-20T08:39:44Z" level=debug msg="Desired zone: generated-failure-domain"
time="2024-03-20T08:39:44Z" level=debug msg="  Fetching Worker Machines..."
time="2024-03-20T08:39:44Z" level=debug msg="    Fetching Cluster ID..."
time="2024-03-20T08:39:44Z" level=debug msg="    Reusing previously-fetched Cluster ID"
time="2024-03-20T08:39:44Z" level=debug msg="    Fetching Platform Credentials Check..."
time="2024-03-20T08:39:44Z" level=debug msg="    Reusing previously-fetched Platform Credentials Check"
time="2024-03-20T08:39:44Z" level=debug msg="    Fetching Install Config..."
time="2024-03-20T08:39:44Z" level=debug msg="    Reusing previously-fetched Install Config"
time="2024-03-20T08:39:44Z" level=debug msg="    Fetching Image..."
time="2024-03-20T08:39:44Z" level=debug msg="    Reusing previously-fetched Image"
time="2024-03-20T08:39:44Z" level=debug msg="    Fetching Release..."
time="2024-03-20T08:39:44Z" level=debug msg="      Fetching Install Config..."
time="2024-03-20T08:39:44Z" level=debug msg="      Reusing previously-fetched Install Config"
time="2024-03-20T08:39:44Z" level=debug msg="    Generating Release..."
time="2024-03-20T08:39:44Z" level=debug msg="    Fetching Worker Ignition Config..."
time="2024-03-20T08:39:44Z" level=debug msg="    Reusing previously-fetched Worker Ignition Config"
time="2024-03-20T08:39:44Z" level=debug msg="  Generating Worker Machines..."
time="2024-03-20T08:39:44Z" level=debug msg="  Fetching Common Manifests..."
time="2024-03-20T08:39:44Z" level=debug msg="  Reusing previously-fetched Common Manifests"
time="2024-03-20T08:39:44Z" level=debug msg="  Fetching Openshift Manifests..."
time="2024-03-20T08:39:44Z" level=debug msg="  Reusing previously-fetched Openshift Manifests"
time="2024-03-20T08:39:44Z" level=debug msg="  Fetching Proxy Config..."
time="2024-03-20T08:39:44Z" level=debug msg="  Reusing previously-fetched Proxy Config"
time="2024-03-20T08:39:44Z" level=debug msg="  Fetching Certificate (admin-kubeconfig-ca-bundle)..."
time="2024-03-20T08:39:44Z" level=debug msg="    Fetching Certificate (admin-kubeconfig-signer)..."
time="2024-03-20T08:39:44Z" level=debug msg="    Reusing previously-fetched Certificate (admin-kubeconfig-signer)"
time="2024-03-20T08:39:44Z" level=debug msg="  Generating Certificate (admin-kubeconfig-ca-bundle)..."
time="2024-03-20T08:39:44Z" level=debug msg="  Fetching Certificate (aggregator)..."
time="2024-03-20T08:39:44Z" level=debug msg="  Generating Certificate (aggregator)..."
time="2024-03-20T08:39:44Z" level=debug msg="  Fetching Certificate (aggregator-ca-bundle)..."
time="2024-03-20T08:39:44Z" level=debug msg="    Fetching Certificate (aggregator-signer)..."
time="2024-03-20T08:39:44Z" level=debug msg="    Generating Certificate (aggregator-signer)..."
time="2024-03-20T08:39:44Z" level=debug msg="  Generating Certificate (aggregator-ca-bundle)..."
time="2024-03-20T08:39:44Z" level=debug msg="  Fetching Certificate (system:kube-apiserver-proxy)..."
time="2024-03-20T08:39:44Z" level=debug msg="    Fetching Certificate (aggregator-signer)..."
time="2024-03-20T08:39:44Z" level=debug msg="    Reusing previously-fetched Certificate (aggregator-signer)"
time="2024-03-20T08:39:44Z" level=debug msg="  Generating Certificate (system:kube-apiserver-proxy)..."
time="2024-03-20T08:39:44Z" level=debug msg="  Fetching Certificate (aggregator-signer)..."
time="2024-03-20T08:39:44Z" level=debug msg="  Reusing previously-fetched Certificate (aggregator-signer)"
time="2024-03-20T08:39:44Z" level=debug msg="  Fetching Certificate (system:kube-apiserver-proxy)..."
time="2024-03-20T08:39:44Z" level=debug msg="    Fetching Certificate (aggregator)..."
time="2024-03-20T08:39:44Z" level=debug msg="    Reusing previously-fetched Certificate (aggregator)"
time="2024-03-20T08:39:44Z" level=debug msg="  Generating Certificate (system:kube-apiserver-proxy)..."
time="2024-03-20T08:39:44Z" level=debug msg="  Fetching Bootstrap SSH Key Pair..."
time="2024-03-20T08:39:44Z" level=debug msg="  Generating Bootstrap SSH Key Pair..."
time="2024-03-20T08:39:45Z" level=debug msg="  Fetching User-provided Service Account Signing key..."
time="2024-03-20T08:39:45Z" level=debug msg="  Generating User-provided Service Account Signing key..."
time="2024-03-20T08:39:45Z" level=debug msg="  Fetching Cloud Provider CA Bundle..."
time="2024-03-20T08:39:45Z" level=debug msg="    Fetching Install Config..."
time="2024-03-20T08:39:45Z" level=debug msg="    Reusing previously-fetched Install Config"
time="2024-03-20T08:39:45Z" level=debug msg="  Generating Cloud Provider CA Bundle..."
time="2024-03-20T08:39:45Z" level=debug msg="  Fetching Certificate (journal-gatewayd)..."
time="2024-03-20T08:39:45Z" level=debug msg="    Fetching Machine Config Server Root CA..."
time="2024-03-20T08:39:45Z" level=debug msg="    Reusing previously-fetched Machine Config Server Root CA"
time="2024-03-20T08:39:45Z" level=debug msg="  Generating Certificate (journal-gatewayd)..."
time="2024-03-20T08:39:45Z" level=debug msg="  Fetching Certificate (kube-apiserver-lb-ca-bundle)..."
time="2024-03-20T08:39:45Z" level=debug msg="  Reusing previously-fetched Certificate (kube-apiserver-lb-ca-bundle)"
time="2024-03-20T08:39:45Z" level=debug msg="  Fetching Certificate (kube-apiserver-external-lb-server)..."
time="2024-03-20T08:39:45Z" level=debug msg="    Fetching Certificate (kube-apiserver-lb-signer)..."
time="2024-03-20T08:39:45Z" level=debug msg="    Reusing previously-fetched Certificate (kube-apiserver-lb-signer)"
time="2024-03-20T08:39:45Z" level=debug msg="    Fetching Install Config..."
time="2024-03-20T08:39:45Z" level=debug msg="    Reusing previously-fetched Install Config"
time="2024-03-20T08:39:45Z" level=debug msg="  Generating Certificate (kube-apiserver-external-lb-server)..."
time="2024-03-20T08:39:45Z" level=debug msg="  Fetching Certificate (kube-apiserver-internal-lb-server)..."
time="2024-03-20T08:39:45Z" level=debug msg="    Fetching Certificate (kube-apiserver-lb-signer)..."
time="2024-03-20T08:39:45Z" level=debug msg="    Reusing previously-fetched Certificate (kube-apiserver-lb-signer)"
time="2024-03-20T08:39:45Z" level=debug msg="    Fetching Install Config..."
time="2024-03-20T08:39:45Z" level=debug msg="    Reusing previously-fetched Install Config"
time="2024-03-20T08:39:45Z" level=debug msg="  Generating Certificate (kube-apiserver-internal-lb-server)..."
time="2024-03-20T08:39:45Z" level=debug msg="  Fetching Certificate (kube-apiserver-lb-signer)..."
time="2024-03-20T08:39:45Z" level=debug msg="  Reusing previously-fetched Certificate (kube-apiserver-lb-signer)"
time="2024-03-20T08:39:45Z" level=debug msg="  Fetching Certificate (kube-apiserver-localhost-ca-bundle)..."
time="2024-03-20T08:39:45Z" level=debug msg="  Reusing previously-fetched Certificate (kube-apiserver-localhost-ca-bundle)"
time="2024-03-20T08:39:45Z" level=debug msg="  Fetching Certificate (kube-apiserver-localhost-server)..."
time="2024-03-20T08:39:45Z" level=debug msg="    Fetching Certificate (kube-apiserver-localhost-signer)..."
time="2024-03-20T08:39:45Z" level=debug msg="    Reusing previously-fetched Certificate (kube-apiserver-localhost-signer)"
time="2024-03-20T08:39:45Z" level=debug msg="  Generating Certificate (kube-apiserver-localhost-server)..."
time="2024-03-20T08:39:45Z" level=debug msg="  Fetching Certificate (kube-apiserver-localhost-signer)..."
time="2024-03-20T08:39:45Z" level=debug msg="  Reusing previously-fetched Certificate (kube-apiserver-localhost-signer)"
time="2024-03-20T08:39:45Z" level=debug msg="  Fetching Certificate (kube-apiserver-service-network-ca-bundle)..."
time="2024-03-20T08:39:45Z" level=debug msg="  Reusing previously-fetched Certificate (kube-apiserver-service-network-ca-bundle)"
time="2024-03-20T08:39:45Z" level=debug msg="  Fetching Certificate (kube-apiserver-service-network-server)..."
time="2024-03-20T08:39:45Z" level=debug msg="    Fetching Certificate (kube-apiserver-service-network-signer)..."
time="2024-03-20T08:39:45Z" level=debug msg="    Reusing previously-fetched Certificate (kube-apiserver-service-network-signer)"
time="2024-03-20T08:39:45Z" level=debug msg="    Fetching Install Config..."
time="2024-03-20T08:39:45Z" level=debug msg="    Reusing previously-fetched Install Config"
time="2024-03-20T08:39:45Z" level=debug msg="  Generating Certificate (kube-apiserver-service-network-server)..."
time="2024-03-20T08:39:46Z" level=debug msg="  Fetching Certificate (kube-apiserver-service-network-signer)..."
time="2024-03-20T08:39:46Z" level=debug msg="  Reusing previously-fetched Certificate (kube-apiserver-service-network-signer)"
time="2024-03-20T08:39:46Z" level=debug msg="  Fetching Certificate (kube-apiserver-complete-server-ca-bundle)..."
time="2024-03-20T08:39:46Z" level=debug msg="  Reusing previously-fetched Certificate (kube-apiserver-complete-server-ca-bundle)"
time="2024-03-20T08:39:46Z" level=debug msg="  Fetching Certificate (kube-apiserver-complete-client-ca-bundle)..."
time="2024-03-20T08:39:46Z" level=debug msg="    Fetching Certificate (admin-kubeconfig-ca-bundle)..."
time="2024-03-20T08:39:46Z" level=debug msg="    Reusing previously-fetched Certificate (admin-kubeconfig-ca-bundle)"
time="2024-03-20T08:39:46Z" level=debug msg="    Fetching Certificate (kubelet-client-ca-bundle)..."
time="2024-03-20T08:39:46Z" level=debug msg="      Fetching Certificate (kubelet-signer)..."
time="2024-03-20T08:39:46Z" level=debug msg="      Generating Certificate (kubelet-signer)..."
time="2024-03-20T08:39:46Z" level=debug msg="    Generating Certificate (kubelet-client-ca-bundle)..."
time="2024-03-20T08:39:46Z" level=debug msg="    Fetching Certificate (kube-control-plane-ca-bundle)..."
time="2024-03-20T08:39:46Z" level=debug msg="      Fetching Certificate (kube-control-plane-signer)..."
time="2024-03-20T08:39:46Z" level=debug msg="      Generating Certificate (kube-control-plane-signer)..."
time="2024-03-20T08:39:46Z" level=debug msg="      Fetching Certificate (kube-apiserver-lb-signer)..."
time="2024-03-20T08:39:46Z" level=debug msg="      Reusing previously-fetched Certificate (kube-apiserver-lb-signer)"
time="2024-03-20T08:39:46Z" level=debug msg="      Fetching Certificate (kube-apiserver-localhost-signer)..."
time="2024-03-20T08:39:46Z" level=debug msg="      Reusing previously-fetched Certificate (kube-apiserver-localhost-signer)"
time="2024-03-20T08:39:46Z" level=debug msg="      Fetching Certificate (kube-apiserver-service-network-signer)..."
time="2024-03-20T08:39:46Z" level=debug msg="      Reusing previously-fetched Certificate (kube-apiserver-service-network-signer)"
time="2024-03-20T08:39:46Z" level=debug msg="    Generating Certificate (kube-control-plane-ca-bundle)..."
time="2024-03-20T08:39:46Z" level=debug msg="    Fetching Certificate (kube-apiserver-to-kubelet-ca-bundle)..."
time="2024-03-20T08:39:46Z" level=debug msg="      Fetching Certificate (kube-apiserver-to-kubelet-signer)..."
time="2024-03-20T08:39:46Z" level=debug msg="      Generating Certificate (kube-apiserver-to-kubelet-signer)..."
time="2024-03-20T08:39:46Z" level=debug msg="    Generating Certificate (kube-apiserver-to-kubelet-ca-bundle)..."
time="2024-03-20T08:39:46Z" level=debug msg="    Fetching Certificate (kubelet-bootstrap-kubeconfig-ca-bundle)..."
time="2024-03-20T08:39:46Z" level=debug msg="      Fetching Certificate (kubelet-bootstrap-kubeconfig-signer)..."
time="2024-03-20T08:39:46Z" level=debug msg="      Reusing previously-fetched Certificate (kubelet-bootstrap-kubeconfig-signer)"
time="2024-03-20T08:39:46Z" level=debug msg="    Generating Certificate (kubelet-bootstrap-kubeconfig-ca-bundle)..."
time="2024-03-20T08:39:46Z" level=debug msg="  Generating Certificate (kube-apiserver-complete-client-ca-bundle)..."
time="2024-03-20T08:39:46Z" level=debug msg="  Fetching Certificate (kube-apiserver-to-kubelet-ca-bundle)..."
time="2024-03-20T08:39:46Z" level=debug msg="  Reusing previously-fetched Certificate (kube-apiserver-to-kubelet-ca-bundle)"
time="2024-03-20T08:39:46Z" level=debug msg="  Fetching Certificate (kube-apiserver-to-kubelet-client)..."
time="2024-03-20T08:39:46Z" level=debug msg="    Fetching Certificate (kube-apiserver-to-kubelet-signer)..."
time="2024-03-20T08:39:46Z" level=debug msg="    Reusing previously-fetched Certificate (kube-apiserver-to-kubelet-signer)"
time="2024-03-20T08:39:46Z" level=debug msg="  Generating Certificate (kube-apiserver-to-kubelet-client)..."
time="2024-03-20T08:39:46Z" level=debug msg="  Fetching Certificate (kube-apiserver-to-kubelet-signer)..."
time="2024-03-20T08:39:46Z" level=debug msg="  Reusing previously-fetched Certificate (kube-apiserver-to-kubelet-signer)"
time="2024-03-20T08:39:46Z" level=debug msg="  Fetching Certificate (kube-control-plane-ca-bundle)..."
time="2024-03-20T08:39:46Z" level=debug msg="  Reusing previously-fetched Certificate (kube-control-plane-ca-bundle)"
time="2024-03-20T08:39:46Z" level=debug msg="  Fetching Certificate (kube-control-plane-kube-controller-manager-client)..."
time="2024-03-20T08:39:46Z" level=debug msg="    Fetching Certificate (kube-control-plane-signer)..."
time="2024-03-20T08:39:46Z" level=debug msg="    Reusing previously-fetched Certificate (kube-control-plane-signer)"
time="2024-03-20T08:39:46Z" level=debug msg="  Generating Certificate (kube-control-plane-kube-controller-manager-client)..."
time="2024-03-20T08:39:46Z" level=debug msg="  Fetching Certificate (kube-control-plane-kube-scheduler-client)..."
time="2024-03-20T08:39:46Z" level=debug msg="    Fetching Certificate (kube-control-plane-signer)..."
time="2024-03-20T08:39:46Z" level=debug msg="    Reusing previously-fetched Certificate (kube-control-plane-signer)"
time="2024-03-20T08:39:46Z" level=debug msg="  Generating Certificate (kube-control-plane-kube-scheduler-client)..."
time="2024-03-20T08:39:46Z" level=debug msg="  Fetching Certificate (kube-control-plane-signer)..."
time="2024-03-20T08:39:46Z" level=debug msg="  Reusing previously-fetched Certificate (kube-control-plane-signer)"
time="2024-03-20T08:39:46Z" level=debug msg="  Fetching Certificate (kubelet-bootstrap-kubeconfig-ca-bundle)..."
time="2024-03-20T08:39:46Z" level=debug msg="  Reusing previously-fetched Certificate (kubelet-bootstrap-kubeconfig-ca-bundle)"
time="2024-03-20T08:39:46Z" level=debug msg="  Fetching Certificate (kubelet-client-ca-bundle)..."
time="2024-03-20T08:39:46Z" level=debug msg="  Reusing previously-fetched Certificate (kubelet-client-ca-bundle)"
time="2024-03-20T08:39:46Z" level=debug msg="  Fetching Certificate (kubelet-client)..."
time="2024-03-20T08:39:46Z" level=debug msg="  Reusing previously-fetched Certificate (kubelet-client)"
time="2024-03-20T08:39:46Z" level=debug msg="  Fetching Certificate (kubelet-signer)..."
time="2024-03-20T08:39:46Z" level=debug msg="  Reusing previously-fetched Certificate (kubelet-signer)"
time="2024-03-20T08:39:46Z" level=debug msg="  Fetching Certificate (kubelet-serving-ca-bundle)..."
time="2024-03-20T08:39:46Z" level=debug msg="    Fetching Certificate (kubelet-signer)..."
time="2024-03-20T08:39:46Z" level=debug msg="    Reusing previously-fetched Certificate (kubelet-signer)"
time="2024-03-20T08:39:46Z" level=debug msg="  Generating Certificate (kubelet-serving-ca-bundle)..."
time="2024-03-20T08:39:46Z" level=debug msg="  Fetching Certificate (mcs)..."
time="2024-03-20T08:39:46Z" level=debug msg="  Reusing previously-fetched Certificate (mcs)"
time="2024-03-20T08:39:46Z" level=debug msg="  Fetching Machine Config Server Root CA..."
time="2024-03-20T08:39:46Z" level=debug msg="  Reusing previously-fetched Machine Config Server Root CA"
time="2024-03-20T08:39:46Z" level=debug msg="  Fetching Key Pair (service-account.pub)..."
time="2024-03-20T08:39:46Z" level=debug msg="  Generating Key Pair (service-account.pub)..."
time="2024-03-20T08:39:47Z" level=debug msg="  Fetching Release Image Pull Spec..."
time="2024-03-20T08:39:47Z" level=debug msg="  Generating Release Image Pull Spec..."
time="2024-03-20T08:39:47Z" level=debug msg="Using internal constant for release image quay.io/openshift-release-dev/ocp-release@sha256:69d1292f64a2b67227c5592c1a7d499c7d00376e498634ff8e1946bc9ccdddfe"
time="2024-03-20T08:39:47Z" level=debug msg="  Fetching Image..."
time="2024-03-20T08:39:47Z" level=debug msg="  Reusing previously-fetched Image"
time="2024-03-20T08:39:47Z" level=debug msg="Generating Bootstrap Ignition Config..."
time="2024-03-20T08:39:47Z" level=debug msg="Fetching Metadata..."
time="2024-03-20T08:39:47Z" level=debug msg="Loading Metadata..."
time="2024-03-20T08:39:47Z" level=debug msg="  Loading Cluster ID..."
time="2024-03-20T08:39:47Z" level=debug msg="  Loading Install Config..."
time="2024-03-20T08:39:47Z" level=debug msg="  Loading Bootstrap Ignition Config..."
time="2024-03-20T08:39:47Z" level=debug msg="  Fetching Cluster ID..."
time="2024-03-20T08:39:47Z" level=debug msg="  Reusing previously-fetched Cluster ID"
time="2024-03-20T08:39:47Z" level=debug msg="  Fetching Install Config..."
time="2024-03-20T08:39:47Z" level=debug msg="  Reusing previously-fetched Install Config"
time="2024-03-20T08:39:47Z" level=debug msg="  Fetching Bootstrap Ignition Config..."
time="2024-03-20T08:39:47Z" level=debug msg="  Reusing previously-fetched Bootstrap Ignition Config"
time="2024-03-20T08:39:47Z" level=debug msg="Generating Metadata..."
time="2024-03-20T08:39:47Z" level=info msg="Ignition-Configs created in: openshift-install and openshift-install/auth"
time="2024-03-20T08:39:47Z" level=debug msg="OpenShift Installer 4.14.15"
time="2024-03-20T08:39:47Z" level=debug msg="Built from commit 6ee6900a509dfb4a3fd568f741e163655bd3f45c"
time="2024-03-20T08:39:47Z" level=info msg="Waiting up to 20m0s (until 8:59AM UTC) for the Kubernetes API at https://api.ocpinstall.private.domain.name:6443..."
time="2024-03-20T08:39:48Z" level=debug msg="Loading Agent Config..."
time="2024-03-20T08:39:58Z" level=debug msg="Still waiting for the Kubernetes API: Get \"https://api.ocpinstall.private.domain.name:6443/version\": EOF"
time="2024-03-20T11:15:21Z" level=debug msg="OpenShift Installer 4.14.15"
time="2024-03-20T11:15:21Z" level=debug msg="Built from commit 6ee6900a509dfb4a3fd568f741e163655bd3f45c"
time="2024-03-20T11:15:21Z" level=info msg="Waiting up to 20m0s (until 11:35AM UTC) for the Kubernetes API at https://api.ocpinstall.private.domain.name:6443..."
time="2024-03-20T11:15:21Z" level=debug msg="Loading Agent Config..."
time="2024-03-20T11:15:21Z" level=info msg="API v1.27.10+c79e5e2 up"
time="2024-03-20T11:15:21Z" level=debug msg="Loading Install Config..."
time="2024-03-20T11:15:21Z" level=debug msg="  Loading SSH Key..."
time="2024-03-20T11:15:21Z" level=debug msg="  Loading Base Domain..."
time="2024-03-20T11:15:21Z" level=debug msg="    Loading Platform..."
time="2024-03-20T11:15:21Z" level=debug msg="  Loading Cluster Name..."
time="2024-03-20T11:15:21Z" level=debug msg="    Loading Base Domain..."
time="2024-03-20T11:15:21Z" level=debug msg="    Loading Platform..."
time="2024-03-20T11:15:21Z" level=debug msg="  Loading Networking..."
time="2024-03-20T11:15:21Z" level=debug msg="    Loading Platform..."
time="2024-03-20T11:15:21Z" level=debug msg="  Loading Pull Secret..."
time="2024-03-20T11:15:21Z" level=debug msg="  Loading Platform..."
time="2024-03-20T11:15:21Z" level=debug msg="Using Install Config loaded from state file"
time="2024-03-20T11:15:21Z" level=info msg="Waiting up to 1h0m0s (until 12:15PM UTC) for bootstrapping to complete..."
time="2024-03-20T14:21:06Z" level=debug msg="OpenShift Installer 4.14.15"
time="2024-03-20T14:21:06Z" level=debug msg="Built from commit 6ee6900a509dfb4a3fd568f741e163655bd3f45c"
time="2024-03-20T14:21:06Z" level=debug msg="Loading Install Config..."
time="2024-03-20T14:21:06Z" level=debug msg="  Loading SSH Key..."
time="2024-03-20T14:21:06Z" level=debug msg="  Loading Base Domain..."
time="2024-03-20T14:21:06Z" level=debug msg="    Loading Platform..."
time="2024-03-20T14:21:06Z" level=debug msg="  Loading Cluster Name..."
time="2024-03-20T14:21:06Z" level=debug msg="    Loading Base Domain..."
time="2024-03-20T14:21:06Z" level=debug msg="    Loading Platform..."
time="2024-03-20T14:21:06Z" level=debug msg="  Loading Networking..."
time="2024-03-20T14:21:06Z" level=debug msg="    Loading Platform..."
time="2024-03-20T14:21:06Z" level=debug msg="  Loading Pull Secret..."
time="2024-03-20T14:21:06Z" level=debug msg="  Loading Platform..."
time="2024-03-20T14:21:06Z" level=debug msg="Using Install Config loaded from state file"
time="2024-03-20T14:21:06Z" level=debug msg="Loading Agent Config..."
time="2024-03-20T14:21:06Z" level=info msg="Waiting up to 40m0s (until 3:01PM UTC) for the cluster at https://api.ocpinstall.private.domain.name:6443 to initialize..."
time="2024-03-20T14:21:06Z" level=debug msg="Still waiting for the cluster to initialize: Cluster operators authentication, console are not available"
time="2024-03-20T14:21:08Z" level=debug msg="Still waiting for the cluster to initialize: Cluster operators authentication, console are not available"
